2025-06-27 16:59:59 INFO  LogUtils:14 - Start testing ToolsQA
2025-06-27 17:00:04 INFO  LogUtils:14 - systemShowsMessageWhenUserEntersWrongPasswordSeveralTimes test is starting...
2025-06-27 17:00:04 INFO  LogUtils:14 - userCanNotLogIntoRailwayWithInvalidPassword test is starting...
2025-06-27 17:00:04 INFO  LogUtils:14 - TC3: User cannot log into Railway with invalid password
2025-06-27 17:00:04 INFO  LogUtils:14 - TC5: System shows message when user enters wrong password several times
2025-06-27 17:00:04 INFO  LogUtils:14 - Step 1:Navigate to QA Railway Website
2025-06-27 17:00:04 INFO  LogUtils:14 - Step 1:Navigate to QA Railway Website
2025-06-27 17:00:04 INFO  LogUtils:14 - Step 2:Click on "Login" tab
2025-06-27 17:00:04 INFO  LogUtils:14 - Step 2:Click on "Login" tab
2025-06-27 17:00:06 INFO  LogUtils:14 - userCanNotLoginWithBlankUsernameTextbox test is starting...
2025-06-27 17:00:06 INFO  LogUtils:14 - TC2: User can't login with blank Username textbox
2025-06-27 17:00:06 INFO  LogUtils:14 - Step 1:Navigate to QA Railway Website
2025-06-27 17:00:06 INFO  LogUtils:14 - Step 2:Click on "Login" tab
2025-06-27 17:00:06 INFO  LogUtils:14 - additionalPagesDisplayOnceUserLoggedIn test is starting...
2025-06-27 17:00:06 INFO  LogUtils:14 - Step 1:Navigate to QA Railway Website
2025-06-27 17:00:06 INFO  LogUtils:14 - Step 2:Click on "Login" tab
2025-06-27 17:00:07 INFO  LogUtils:14 - Step 3:User doesn't type any words into "Username" textbox but enter valid information into "Password" textbox
2025-06-27 17:00:07 INFO  LogUtils:14 - Step 4:Click on "Login" button
2025-06-27 17:00:07 INFO  LogUtils:14 - Email:  and Password: 12345678
2025-06-27 17:00:07 INFO  LogUtils:14 - Step 3:Login with valid account
2025-06-27 17:00:07 INFO  LogUtils:14 - Email: saveasd68@gmail.com and Password: 12345678
2025-06-27 17:00:07 INFO  LogUtils:14 - Step 3:Enter valid Email and invalid Password
2025-06-27 17:00:07 INFO  LogUtils:14 - Step 4:Click on "Login" button
2025-06-27 17:00:07 INFO  LogUtils:14 - Email: saveasd68@gmail.com and Password: 
2025-06-27 17:00:07 INFO  LogUtils:14 - Step 3:Enter valid information into "Username" textbox except "Password" textbox.
2025-06-27 17:00:07 INFO  LogUtils:14 - Step 4:Click on "Login" button
2025-06-27 17:00:07 INFO  LogUtils:14 - Step 5:Repeat step 3 three more times.
2025-06-27 17:00:07 INFO  LogUtils:14 - Email: saveasd68@gmail.com and Password: 
2025-06-27 17:00:07 INFO  LogUtils:14 - Email: saveasd68@gmail.com and Password: 
2025-06-27 17:00:07 INFO  LogUtils:14 - userCanLogIntoRailwayWithValidUsernameAndPassword test is starting...
2025-06-27 17:00:07 INFO  LogUtils:14 - TC1: User can log into Railway with valid username and password
2025-06-27 17:00:07 INFO  LogUtils:14 - Step 1:Navigate to QA Railway Website
2025-06-27 17:00:07 INFO  LogUtils:14 -  Step 2:Click on Login tab
2025-06-27 17:00:08 INFO  LogUtils:14 - Email: saveasd68@gmail.com and Password: 
2025-06-27 17:00:08 INFO  LogUtils:14 -  Enter valid Email and Password and  Click on "Login" button
2025-06-27 17:00:08 INFO  LogUtils:14 -  Step 3:Enter valid Email and Password
2025-06-27 17:00:08 INFO  LogUtils:14 -  Step 4:Click on "Login" button
2025-06-27 17:00:08 INFO  LogUtils:14 - Email: saveasd68@gmail.com and Password: 12345678
2025-06-27 17:00:08 INFO  LogUtils:14 - userCanNotLoginWithBlankUsernameTextbox test is passed.
2025-06-27 17:00:08 INFO  LogUtils:14 - User can't login with blank Username textbox
2025-06-27 17:00:08 WARN  LogUtils:21 - User can't login with blank Username textbox
2025-06-27 17:00:08 INFO  LogUtils:14 - User can't login with blank Username textbox
2025-06-27 17:00:08 INFO  LogUtils:14 - loginPageDisplaysWhenUnloggedUserClicksOnBookTicketTab test is starting...
2025-06-27 17:00:08 INFO  LogUtils:14 - TC4: Login page displays when un-logged User clicks on Book ticket tab
2025-06-27 17:00:08 INFO  LogUtils:14 - Step 1:Navigate to QA Railway Website
2025-06-27 17:00:08 INFO  LogUtils:14 - Step 2:Click on "Book ticket" tab
2025-06-27 17:00:08 INFO  LogUtils:14 - userCanNotLogIntoRailwayWithInvalidPassword test is passed.
2025-06-27 17:00:08 INFO  LogUtils:14 - User cannot log into Railway with invalid password
2025-06-27 17:00:08 WARN  LogUtils:21 - User cannot log into Railway with invalid password
2025-06-27 17:00:08 INFO  LogUtils:14 - User cannot log into Railway with invalid password
2025-06-27 17:00:10 INFO  LogUtils:14 - loginPageDisplaysWhenUnloggedUserClicksOnBookTicketTab test is passed.
2025-06-27 17:00:10 INFO  LogUtils:14 - Login page displays when un-logged User clicks on Book ticket tab
2025-06-27 17:00:10 WARN  LogUtils:21 - Login page displays when un-logged User clicks on Book ticket tab
2025-06-27 17:00:10 INFO  LogUtils:14 - Login page displays when un-logged User clicks on Book ticket tab
2025-06-27 17:00:10 INFO  LogUtils:14 - Email: saveasd68@gmail.com and Password: 
2025-06-27 17:00:11 ERROR LogUtils:27 - Test FAILED: userCanLogIntoRailwayWithValidUsernameAndPassword
2025-06-27 17:00:11 ERROR LogUtils:27 - Check welcome text in home page expected [Welcome saveasd68@gmail.com] but found []
2025-06-27 17:00:11 ERROR LogUtils:27 - userCanLogIntoRailwayWithValidUsernameAndPassword test is failed.
2025-06-27 17:00:11 ERROR LogUtils:27 - java.lang.AssertionError: Check welcome text in home page expected [Welcome saveasd68@gmail.com] but found []
2025-06-27 17:00:11 INFO  LogUtils:14 - java.lang.AssertionError: Check welcome text in home page expected [Welcome saveasd68@gmail.com] but found []
2025-06-27 17:00:11 WARN  LogUtils:21 - java.lang.AssertionError: Check welcome text in home page expected [Welcome saveasd68@gmail.com] but found []
2025-06-27 17:00:11 INFO  LogUtils:14 - java.lang.AssertionError: Check welcome text in home page expected [Welcome saveasd68@gmail.com] but found []
2025-06-27 17:00:11 ERROR LogUtils:27 - userCanLogIntoRailwayWithValidUsernameAndPassword is failed.
2025-06-27 17:00:11 INFO  LogUtils:14 - userCanLogIntoRailwayWithValidUsernameAndPassword is failed.
2025-06-27 17:00:11 WARN  LogUtils:21 - userCanLogIntoRailwayWithValidUsernameAndPassword is failed.
2025-06-27 17:00:11 INFO  LogUtils:14 - userCanLogIntoRailwayWithValidUsernameAndPassword is failed.
2025-06-27 17:00:11 INFO  LogUtils:14 - additionalPagesDisplayOnceUserLoggedIn test is passed.
2025-06-27 17:00:11 INFO  LogUtils:14 - Additional pages display once user logged in
2025-06-27 17:00:11 WARN  LogUtils:21 - Additional pages display once user logged in
2025-06-27 17:00:11 INFO  LogUtils:14 - Additional pages display once user logged in
2025-06-27 17:00:12 INFO  LogUtils:14 - Email: saveasd68@gmail.com and Password: 
2025-06-27 17:00:12 INFO  LogUtils:14 - userCanNotLoginWithAccountHasNotBeenActivated test is starting...
2025-06-27 17:00:12 INFO  LogUtils:14 - TC8: User can't login with an account hasn't been activated
2025-06-27 17:00:12 INFO  LogUtils:14 - Step 1:Navigate to QA Railway Website
2025-06-27 17:00:12 INFO  LogUtils:14 - Step 2:Click on "Login" tab
2025-06-27 17:00:16 ERROR LogUtils:27 - Test FAILED: systemShowsMessageWhenUserEntersWrongPasswordSeveralTimes
2025-06-27 17:00:16 ERROR LogUtils:27 - Check error message expected [You have used 4 out of 5 login attempts. After all 5 have been used, you will be unable to login for 15 minutes.] but found [There was a problem with your login and/or errors exist in your form.]
2025-06-27 17:00:16 ERROR LogUtils:27 - systemShowsMessageWhenUserEntersWrongPasswordSeveralTimes test is failed.
2025-06-27 17:00:16 ERROR LogUtils:27 - java.lang.AssertionError: Check error message expected [You have used 4 out of 5 login attempts. After all 5 have been used, you will be unable to login for 15 minutes.] but found [There was a problem with your login and/or errors exist in your form.]
2025-06-27 17:00:16 INFO  LogUtils:14 - java.lang.AssertionError: Check error message expected [You have used 4 out of 5 login attempts. After all 5 have been used, you will be unable to login for 15 minutes.] but found [There was a problem with your login and/or errors exist in your form.]
2025-06-27 17:00:16 WARN  LogUtils:21 - java.lang.AssertionError: Check error message expected [You have used 4 out of 5 login attempts. After all 5 have been used, you will be unable to login for 15 minutes.] but found [There was a problem with your login and/or errors exist in your form.]
2025-06-27 17:00:16 INFO  LogUtils:14 - java.lang.AssertionError: Check error message expected [You have used 4 out of 5 login attempts. After all 5 have been used, you will be unable to login for 15 minutes.] but found [There was a problem with your login and/or errors exist in your form.]
2025-06-27 17:00:16 ERROR LogUtils:27 - systemShowsMessageWhenUserEntersWrongPasswordSeveralTimes is failed.
2025-06-27 17:00:16 INFO  LogUtils:14 - systemShowsMessageWhenUserEntersWrongPasswordSeveralTimes is failed.
2025-06-27 17:00:16 WARN  LogUtils:21 - systemShowsMessageWhenUserEntersWrongPasswordSeveralTimes is failed.
2025-06-27 17:00:16 INFO  LogUtils:14 - systemShowsMessageWhenUserEntersWrongPasswordSeveralTimes is failed.
2025-06-27 17:00:17 INFO  LogUtils:14 - userCanCreateNewAccount test is starting...
2025-06-27 17:00:17 INFO  LogUtils:14 - TC7: User can create new account
2025-06-27 17:00:17 INFO  LogUtils:14 - Step 1:Navigate to QA Railway Website
2025-06-27 17:00:17 INFO  LogUtils:14 - Step 2:Click on "Register" tab
2025-06-27 17:00:17 INFO  LogUtils:14 - userCanNotCreateAccountWhenPasswordAndPidFieldsAreEmpty test is starting...
2025-06-27 17:00:17 INFO  LogUtils:14 - userCanChangePassword test is starting...
2025-06-27 17:00:17 INFO  LogUtils:14 - TC11: User can't create account while password and PID fields are empty
2025-06-27 17:00:17 INFO  LogUtils:14 - Step 1:Navigate to QA Railway Website
2025-06-27 17:00:17 INFO  LogUtils:14 - Step 2:Click on "Register" tab
2025-06-27 17:00:17 INFO  LogUtils:14 - TC9: User can change password
2025-06-27 17:00:17 INFO  LogUtils:14 - Step 1:Navigate to QA Railway Website
2025-06-27 17:00:17 INFO  LogUtils:14 - Step 2:Click on "Login" tab
2025-06-27 17:00:18 INFO  LogUtils:14 - userCanNotCreateAccountWhenConfirmPasswordIsNotTheSameAsPassword test is starting...
2025-06-27 17:00:18 INFO  LogUtils:14 - TC10: User can't create account with Confirm password is not the same with Password
2025-06-27 17:00:18 INFO  LogUtils:14 - Step 1:Navigate to QA Railway Website
2025-06-27 17:00:18 INFO  LogUtils:14 - Step 2:Click on "Register" tab
2025-06-27 17:00:18 INFO  LogUtils:14 - Step 3:Enter valid information into all fields
2025-06-27 17:00:18 INFO  LogUtils:14 - Step 4:Click on "Register" button
2025-06-27 17:00:18 INFO  LogUtils:14 - Register info: Email: abcc123457817_00_18@sharklasers.com	Password: 12345678	Confirm password: 12345678	PID number: 123456789
2025-06-27 17:00:18 INFO  LogUtils:14 - Step 3:Enter username and password of account hasn't been activated.
2025-06-27 17:00:18 INFO  LogUtils:14 - Step 4:Click on "Login" button
2025-06-27 17:00:18 INFO  LogUtils:14 - Email: abcc12345@sharklasers.com and Password: 12345678
2025-06-27 17:00:18 INFO  LogUtils:14 - Email: saveasd68@gmail.com and Password: 12345678
2025-06-27 17:00:18 INFO  LogUtils:14 - Step 3:Enter valid information into all fields except "Confirm password" is not the same with "Password"
2025-06-27 17:00:18 INFO  LogUtils:14 - Step 4:Click on "Register" button
2025-06-27 17:00:18 INFO  LogUtils:14 - Register info: Email: abcc123457817_00_18@sharklasers.com	Password: 12345678	Confirm password: 	PID number: 123456789
2025-06-27 17:00:20 INFO  LogUtils:14 - userCanNotLoginWithAccountHasNotBeenActivated test is passed.
2025-06-27 17:00:20 INFO  LogUtils:14 - User can't login with an account hasn't been activated
2025-06-27 17:00:20 WARN  LogUtils:21 - User can't login with an account hasn't been activated
2025-06-27 17:00:20 INFO  LogUtils:14 - User can't login with an account hasn't been activated
2025-06-27 17:00:20 INFO  LogUtils:14 - Step 3:Enter valid email address and leave other fields empty
2025-06-27 17:00:20 INFO  LogUtils:14 - Step 4:Click on "Register" button
2025-06-27 17:00:20 INFO  LogUtils:14 - Register info: Email: abcc123457817_00_18@sharklasers.com	Password: 	Confirm password: 	PID number: 
2025-06-27 17:00:20 INFO  LogUtils:14 - userCanNotCreateAccountWhenConfirmPasswordIsNotTheSameAsPassword test is passed.
2025-06-27 17:00:20 INFO  LogUtils:14 - User can't create account with Confirm password is not the same with Password
2025-06-27 17:00:20 WARN  LogUtils:21 - User can't create account with Confirm password is not the same with Password
2025-06-27 17:00:20 INFO  LogUtils:14 - User can't create account with Confirm password is not the same with Password
2025-06-27 17:00:20 INFO  LogUtils:14 - Step 3:Click on "Change Password" tab
2025-06-27 17:00:20 ERROR LogUtils:27 - Test FAILED: userCanCreateNewAccount
2025-06-27 17:00:20 ERROR LogUtils:27 - Check success message expected [Thank you for registering your account] but found [Please fill the form below to create a new account or login if you already have one.
If you already created an account but haven't confirmed it yet, go here and enter the confirmation code which can be found in your email.
Please make sure your PID/Passport Number is correct. It can't be changed.]
2025-06-27 17:00:20 ERROR LogUtils:27 - userCanCreateNewAccount test is failed.
2025-06-27 17:00:20 ERROR LogUtils:27 - java.lang.AssertionError: Check success message expected [Thank you for registering your account] but found [Please fill the form below to create a new account or login if you already have one.
If you already created an account but haven't confirmed it yet, go here and enter the confirmation code which can be found in your email.
Please make sure your PID/Passport Number is correct. It can't be changed.]
2025-06-27 17:00:20 INFO  LogUtils:14 - java.lang.AssertionError: Check success message expected [Thank you for registering your account] but found [Please fill the form below to create a new account or login if you already have one.
If you already created an account but haven't confirmed it yet, go here and enter the confirmation code which can be found in your email.
Please make sure your PID/Passport Number is correct. It can't be changed.]
2025-06-27 17:00:20 WARN  LogUtils:21 - java.lang.AssertionError: Check success message expected [Thank you for registering your account] but found [Please fill the form below to create a new account or login if you already have one.
If you already created an account but haven't confirmed it yet, go here and enter the confirmation code which can be found in your email.
Please make sure your PID/Passport Number is correct. It can't be changed.]
2025-06-27 17:00:20 INFO  LogUtils:14 - java.lang.AssertionError: Check success message expected [Thank you for registering your account] but found [Please fill the form below to create a new account or login if you already have one.
If you already created an account but haven't confirmed it yet, go here and enter the confirmation code which can be found in your email.
Please make sure your PID/Passport Number is correct. It can't be changed.]
2025-06-27 17:00:20 ERROR LogUtils:27 - userCanCreateNewAccount is failed.
2025-06-27 17:00:20 INFO  LogUtils:14 - userCanCreateNewAccount is failed.
2025-06-27 17:00:20 WARN  LogUtils:21 - userCanCreateNewAccount is failed.
2025-06-27 17:00:20 INFO  LogUtils:14 - userCanCreateNewAccount is failed.
2025-06-27 17:00:21 INFO  LogUtils:14 - 4.Enter valid value into all fields.
2025-06-27 17:00:21 INFO  LogUtils:14 - Step 5:Click on "Change Password" button
2025-06-27 17:00:21 INFO  LogUtils:14 - Current password: 12345678	 New password: 12345678	Confirm new password: 12345678
2025-06-27 17:00:21 INFO  LogUtils:14 - errorsDisplayWhenPasswordResetTokenIsBlankUsingAPI test is starting...
2025-06-27 17:00:21 INFO  LogUtils:14 - TC12: Errors display when password reset token is blank (using API)
2025-06-27 17:00:21 INFO  LogUtils:14 - Pre-condition: Create and activate a new account
2025-06-27 17:00:22 ERROR LogUtils:27 - Test FAILED: userCanNotCreateAccountWhenPasswordAndPidFieldsAreEmpty
2025-06-27 17:00:22 ERROR LogUtils:27 - Check password error message expected [Invalid password length.] but found [Invalid password length]
2025-06-27 17:00:22 ERROR LogUtils:27 - userCanNotCreateAccountWhenPasswordAndPidFieldsAreEmpty test is failed.
2025-06-27 17:00:22 ERROR LogUtils:27 - java.lang.AssertionError: Check password error message expected [Invalid password length.] but found [Invalid password length]
2025-06-27 17:00:22 INFO  LogUtils:14 - java.lang.AssertionError: Check password error message expected [Invalid password length.] but found [Invalid password length]
2025-06-27 17:00:22 WARN  LogUtils:21 - java.lang.AssertionError: Check password error message expected [Invalid password length.] but found [Invalid password length]
2025-06-27 17:00:22 INFO  LogUtils:14 - java.lang.AssertionError: Check password error message expected [Invalid password length.] but found [Invalid password length]
2025-06-27 17:00:22 ERROR LogUtils:27 - userCanNotCreateAccountWhenPasswordAndPidFieldsAreEmpty is failed.
2025-06-27 17:00:22 INFO  LogUtils:14 - userCanNotCreateAccountWhenPasswordAndPidFieldsAreEmpty is failed.
2025-06-27 17:00:22 WARN  LogUtils:21 - userCanNotCreateAccountWhenPasswordAndPidFieldsAreEmpty is failed.
2025-06-27 17:00:22 INFO  LogUtils:14 - userCanNotCreateAccountWhenPasswordAndPidFieldsAreEmpty is failed.
2025-06-27 17:00:23 ERROR LogUtils:27 - Test FAILED: userCanChangePassword
2025-06-27 17:00:23 ERROR LogUtils:27 - Check change password success message expected [Your password has been updated] but found [Your password has been updated!]
2025-06-27 17:00:23 ERROR LogUtils:27 - userCanChangePassword test is failed.
2025-06-27 17:00:24 ERROR LogUtils:27 - java.lang.AssertionError: Check change password success message expected [Your password has been updated] but found [Your password has been updated!]
2025-06-27 17:00:24 INFO  LogUtils:14 - java.lang.AssertionError: Check change password success message expected [Your password has been updated] but found [Your password has been updated!]
2025-06-27 17:00:24 WARN  LogUtils:21 - java.lang.AssertionError: Check change password success message expected [Your password has been updated] but found [Your password has been updated!]
2025-06-27 17:00:24 INFO  LogUtils:14 - java.lang.AssertionError: Check change password success message expected [Your password has been updated] but found [Your password has been updated!]
2025-06-27 17:00:24 ERROR LogUtils:27 - userCanChangePassword is failed.
2025-06-27 17:00:24 INFO  LogUtils:14 - userCanChangePassword is failed.
2025-06-27 17:00:24 WARN  LogUtils:21 - userCanChangePassword is failed.
2025-06-27 17:00:24 INFO  LogUtils:14 - userCanChangePassword is failed.
2025-06-27 17:00:25 INFO  LogUtils:14 - userCanBookOneTicketAtATime test is starting...
2025-06-27 17:00:25 INFO  LogUtils:14 - TC14: User can book 1 ticket at a time
2025-06-27 17:00:25 INFO  LogUtils:14 - Step 1:Navigate to QA Railway Website
2025-06-27 17:00:25 INFO  LogUtils:14 - Step 2:Click on "Login" tab
2025-06-27 17:00:26 INFO  LogUtils:14 - Email: saveasd68@gmail.com and Password: 12345678
2025-06-27 17:00:26 INFO  LogUtils:14 - errorsDisplayWhenPasswordAndConfirmDoNotMatchOnReset test is starting...
2025-06-27 17:00:26 INFO  LogUtils:14 - TC13: Errors display if password and confirm password don't match when resetting password
2025-06-27 17:00:26 INFO  LogUtils:14 - Step 1:Navigate to QA Railway Login page
2025-06-27 17:00:26 INFO  LogUtils:14 - Register info: Email: bRCel9UhybXr@mailslurp.biz	Password: 12345678	Confirm password: 12345678	PID number: 123456789
2025-06-27 17:00:26 INFO  LogUtils:14 - Step 2:Click on "Forgot Password page" link
2025-06-27 17:00:26 INFO  LogUtils:14 - userCanOpenBookTicketPageFromTrainTimetablePage test is starting...
2025-06-27 17:00:26 INFO  LogUtils:14 - TC15: User can open Book ticket page by clicking on Book ticket link in Train timetable page
2025-06-27 17:00:26 INFO  LogUtils:14 - Step 1:Navigate to QA Railway Website
2025-06-27 17:00:26 INFO  LogUtils:14 - Step 2:Login with a valid account
2025-06-27 17:00:27 INFO  LogUtils:14 - Email: saveasd68@gmail.com and Password: 12345678
2025-06-27 17:00:27 INFO  LogUtils:14 - Step 3:Enter the email address of the created account in Pre-condition
2025-06-27 17:00:27 INFO  LogUtils:14 - Step 4:Click on "Send Instructions" button
2025-06-27 17:00:27 INFO  LogUtils:14 - Email: test123456@sharklasers.com
2025-06-27 17:00:27 INFO  LogUtils:14 - 2.Step 1:get same ticket count in my ticket page
2025-06-27 17:00:29 INFO  LogUtils:14 - userCanCancelTicket test is starting...
2025-06-27 17:00:29 INFO  LogUtils:14 - TC16: User can cancel a ticket
2025-06-27 17:00:29 INFO  LogUtils:14 - Step 1:Navigate to QA Railway Website
2025-06-27 17:00:29 INFO  LogUtils:14 - Step 2:Login with a valid account
2025-06-27 17:00:29 INFO  LogUtils:14 - Step 3:Click on "Book ticket" tab
2025-06-27 17:00:30 INFO  LogUtils:14 - Email: saveasd68@gmail.com and Password: 12345678
2025-06-27 17:00:30 INFO  LogUtils:14 - Step 4:Select a "Depart date" from the list
2025-06-27 17:00:30 INFO  LogUtils:14 - Step 5:Select "Sài Gòn" for "Depart from" and "Nha Trang" for "Arrive at".
2025-06-27 17:00:30 INFO  LogUtils:14 - Step 6:Select "Soft bed with air conditioner" for "Seat type"
2025-06-27 17:00:30 INFO  LogUtils:14 - Step 7:Select "1" for "Ticket amount"
2025-06-27 17:00:30 INFO  LogUtils:14 - Step 8:Click on "Book ticket" button
2025-06-27 17:00:30 INFO  LogUtils:14 - Ticket info: Depart Date: 7/9/2025	 Depart station: Huế	Arrive station: Quảng Ngãi	Seat type: Soft seat with air conditioner	Amount: 1
2025-06-27 17:00:30 INFO  LogUtils:14 - Step 5:Open mailbox and click on reset password link
2025-06-27 17:00:30 INFO  LogUtils:14 - Step 3:Book a ticket
2025-06-27 17:00:30 INFO  LogUtils:14 - Step 3:Click on "Timetable" tab
2025-06-27 17:00:31 INFO  LogUtils:14 -  Step 4:Click on "book ticket" link of the route from "Huế" to "Sài Gòn"
2025-06-27 17:00:31 INFO  LogUtils:14 - Depart station: Huế	Arrive station: Sài Gòn
2025-06-27 17:00:32 ERROR LogUtils:27 - Test FAILED: userCanCancelTicket
2025-06-27 17:00:32 ERROR LogUtils:27 - stale element reference: stale element not found
  (Session info: chrome=137.0.7151.122)
For documentation on this error, please visit: https://www.selenium.dev/documentation/webdriver/troubleshooting/errors#stale-element-reference-exception
Build info: version: '4.33.0', revision: '2c6aaad03a'
System info: os.name: 'Windows 11', os.arch: 'amd64', os.version: '10.0', java.version: '11.0.27'
Driver info: org.openqa.selenium.chrome.ChromeDriver
Command: [3a3dec7eeb58583a4b8a8392d27d1acd, clickElement {id=f.6E740E4A5FFC15BEFBE6D6DAE746A5E4.d.5037EBC4E4A43F1538107098E9F2CEB1.e.36}]
Capabilities {acceptInsecureCerts: false, browserName: chrome, browserVersion: 137.0.7151.122, chrome: {chromedriverVersion: 137.0.7151.119 (e0ac9d12dff..., userDataDir: C:\Users\ADmin\AppData\Loca...}, fedcm:accounts: true, goog:chromeOptions: {debuggerAddress: localhost:57480}, networkConnectionEnabled: false, pageLoadStrategy: normal, platformName: windows, proxy: Proxy(), se:cdp: ws://localhost:57480/devtoo..., se:cdpVersion: 137.0.7151.122, setWindowRect: true, strictFileInteractability: false, timeouts: {implicit: 0, pageLoad: 300000, script: 30000}, unhandledPromptBehavior: dismiss and notify, webauthn:extension:credBlob: true, webauthn:extension:largeBlob: true, webauthn:extension:minPinLength: true, webauthn:extension:prf: true, webauthn:virtualAuthenticators: true}
Element: [[ChromeDriver: chrome on windows (3a3dec7eeb58583a4b8a8392d27d1acd)] -> link text: Book ticket]
Session ID: 3a3dec7eeb58583a4b8a8392d27d1acd
2025-06-27 17:00:32 ERROR LogUtils:27 - userCanCancelTicket test is failed.
2025-06-27 17:00:32 ERROR LogUtils:27 - org.openqa.selenium.StaleElementReferenceException: stale element reference: stale element not found
  (Session info: chrome=137.0.7151.122)
For documentation on this error, please visit: https://www.selenium.dev/documentation/webdriver/troubleshooting/errors#stale-element-reference-exception
Build info: version: '4.33.0', revision: '2c6aaad03a'
System info: os.name: 'Windows 11', os.arch: 'amd64', os.version: '10.0', java.version: '11.0.27'
Driver info: org.openqa.selenium.chrome.ChromeDriver
Command: [3a3dec7eeb58583a4b8a8392d27d1acd, clickElement {id=f.6E740E4A5FFC15BEFBE6D6DAE746A5E4.d.5037EBC4E4A43F1538107098E9F2CEB1.e.36}]
Capabilities {acceptInsecureCerts: false, browserName: chrome, browserVersion: 137.0.7151.122, chrome: {chromedriverVersion: 137.0.7151.119 (e0ac9d12dff..., userDataDir: C:\Users\ADmin\AppData\Loca...}, fedcm:accounts: true, goog:chromeOptions: {debuggerAddress: localhost:57480}, networkConnectionEnabled: false, pageLoadStrategy: normal, platformName: windows, proxy: Proxy(), se:cdp: ws://localhost:57480/devtoo..., se:cdpVersion: 137.0.7151.122, setWindowRect: true, strictFileInteractability: false, timeouts: {implicit: 0, pageLoad: 300000, script: 30000}, unhandledPromptBehavior: dismiss and notify, webauthn:extension:credBlob: true, webauthn:extension:largeBlob: true, webauthn:extension:minPinLength: true, webauthn:extension:prf: true, webauthn:virtualAuthenticators: true}
Element: [[ChromeDriver: chrome on windows (3a3dec7eeb58583a4b8a8392d27d1acd)] -> link text: Book ticket]
Session ID: 3a3dec7eeb58583a4b8a8392d27d1acd
2025-06-27 17:00:32 INFO  LogUtils:14 - org.openqa.selenium.StaleElementReferenceException: stale element reference: stale element not found
  (Session info: chrome=137.0.7151.122)
For documentation on this error, please visit: https://www.selenium.dev/documentation/webdriver/troubleshooting/errors#stale-element-reference-exception
Build info: version: '4.33.0', revision: '2c6aaad03a'
System info: os.name: 'Windows 11', os.arch: 'amd64', os.version: '10.0', java.version: '11.0.27'
Driver info: org.openqa.selenium.chrome.ChromeDriver
Command: [3a3dec7eeb58583a4b8a8392d27d1acd, clickElement {id=f.6E740E4A5FFC15BEFBE6D6DAE746A5E4.d.5037EBC4E4A43F1538107098E9F2CEB1.e.36}]
Capabilities {acceptInsecureCerts: false, browserName: chrome, browserVersion: 137.0.7151.122, chrome: {chromedriverVersion: 137.0.7151.119 (e0ac9d12dff..., userDataDir: C:\Users\ADmin\AppData\Loca...}, fedcm:accounts: true, goog:chromeOptions: {debuggerAddress: localhost:57480}, networkConnectionEnabled: false, pageLoadStrategy: normal, platformName: windows, proxy: Proxy(), se:cdp: ws://localhost:57480/devtoo..., se:cdpVersion: 137.0.7151.122, setWindowRect: true, strictFileInteractability: false, timeouts: {implicit: 0, pageLoad: 300000, script: 30000}, unhandledPromptBehavior: dismiss and notify, webauthn:extension:credBlob: true, webauthn:extension:largeBlob: true, webauthn:extension:minPinLength: true, webauthn:extension:prf: true, webauthn:virtualAuthenticators: true}
Element: [[ChromeDriver: chrome on windows (3a3dec7eeb58583a4b8a8392d27d1acd)] -> link text: Book ticket]
Session ID: 3a3dec7eeb58583a4b8a8392d27d1acd
2025-06-27 17:00:32 WARN  LogUtils:21 - org.openqa.selenium.StaleElementReferenceException: stale element reference: stale element not found
  (Session info: chrome=137.0.7151.122)
For documentation on this error, please visit: https://www.selenium.dev/documentation/webdriver/troubleshooting/errors#stale-element-reference-exception
Build info: version: '4.33.0', revision: '2c6aaad03a'
System info: os.name: 'Windows 11', os.arch: 'amd64', os.version: '10.0', java.version: '11.0.27'
Driver info: org.openqa.selenium.chrome.ChromeDriver
Command: [3a3dec7eeb58583a4b8a8392d27d1acd, clickElement {id=f.6E740E4A5FFC15BEFBE6D6DAE746A5E4.d.5037EBC4E4A43F1538107098E9F2CEB1.e.36}]
Capabilities {acceptInsecureCerts: false, browserName: chrome, browserVersion: 137.0.7151.122, chrome: {chromedriverVersion: 137.0.7151.119 (e0ac9d12dff..., userDataDir: C:\Users\ADmin\AppData\Loca...}, fedcm:accounts: true, goog:chromeOptions: {debuggerAddress: localhost:57480}, networkConnectionEnabled: false, pageLoadStrategy: normal, platformName: windows, proxy: Proxy(), se:cdp: ws://localhost:57480/devtoo..., se:cdpVersion: 137.0.7151.122, setWindowRect: true, strictFileInteractability: false, timeouts: {implicit: 0, pageLoad: 300000, script: 30000}, unhandledPromptBehavior: dismiss and notify, webauthn:extension:credBlob: true, webauthn:extension:largeBlob: true, webauthn:extension:minPinLength: true, webauthn:extension:prf: true, webauthn:virtualAuthenticators: true}
Element: [[ChromeDriver: chrome on windows (3a3dec7eeb58583a4b8a8392d27d1acd)] -> link text: Book ticket]
Session ID: 3a3dec7eeb58583a4b8a8392d27d1acd
2025-06-27 17:00:32 INFO  LogUtils:14 - org.openqa.selenium.StaleElementReferenceException: stale element reference: stale element not found
  (Session info: chrome=137.0.7151.122)
For documentation on this error, please visit: https://www.selenium.dev/documentation/webdriver/troubleshooting/errors#stale-element-reference-exception
Build info: version: '4.33.0', revision: '2c6aaad03a'
System info: os.name: 'Windows 11', os.arch: 'amd64', os.version: '10.0', java.version: '11.0.27'
Driver info: org.openqa.selenium.chrome.ChromeDriver
Command: [3a3dec7eeb58583a4b8a8392d27d1acd, clickElement {id=f.6E740E4A5FFC15BEFBE6D6DAE746A5E4.d.5037EBC4E4A43F1538107098E9F2CEB1.e.36}]
Capabilities {acceptInsecureCerts: false, browserName: chrome, browserVersion: 137.0.7151.122, chrome: {chromedriverVersion: 137.0.7151.119 (e0ac9d12dff..., userDataDir: C:\Users\ADmin\AppData\Loca...}, fedcm:accounts: true, goog:chromeOptions: {debuggerAddress: localhost:57480}, networkConnectionEnabled: false, pageLoadStrategy: normal, platformName: windows, proxy: Proxy(), se:cdp: ws://localhost:57480/devtoo..., se:cdpVersion: 137.0.7151.122, setWindowRect: true, strictFileInteractability: false, timeouts: {implicit: 0, pageLoad: 300000, script: 30000}, unhandledPromptBehavior: dismiss and notify, webauthn:extension:credBlob: true, webauthn:extension:largeBlob: true, webauthn:extension:minPinLength: true, webauthn:extension:prf: true, webauthn:virtualAuthenticators: true}
Element: [[ChromeDriver: chrome on windows (3a3dec7eeb58583a4b8a8392d27d1acd)] -> link text: Book ticket]
Session ID: 3a3dec7eeb58583a4b8a8392d27d1acd
2025-06-27 17:00:32 ERROR LogUtils:27 - userCanCancelTicket is failed.
2025-06-27 17:00:32 INFO  LogUtils:14 - userCanCancelTicket is failed.
2025-06-27 17:00:32 WARN  LogUtils:21 - userCanCancelTicket is failed.
2025-06-27 17:00:32 INFO  LogUtils:14 - userCanCancelTicket is failed.
2025-06-27 17:00:33 INFO  LogUtils:14 - userCanOpenBookTicketPageFromTrainTimetablePage test is passed.
2025-06-27 17:00:33 INFO  LogUtils:14 - User can open Book ticket page by clicking on Book ticket link in Train timetable page
2025-06-27 17:00:33 WARN  LogUtils:21 - User can open Book ticket page by clicking on Book ticket link in Train timetable page
2025-06-27 17:00:33 INFO  LogUtils:14 - User can open Book ticket page by clicking on Book ticket link in Train timetable page
2025-06-27 17:00:34 INFO  LogUtils:14 -  Check ticket in my ticket page
2025-06-27 17:00:36 INFO  LogUtils:14 - userCanBookOneTicketAtATime test is passed.
2025-06-27 17:00:36 INFO  LogUtils:14 - User can book 1 ticket at a time
2025-06-27 17:00:36 WARN  LogUtils:21 - User can book 1 ticket at a time
2025-06-27 17:00:36 INFO  LogUtils:14 - User can book 1 ticket at a time
2025-06-27 17:00:42 INFO  LogUtils:14 - Step 1:Navigate to QA Railway Login page
2025-06-27 17:00:43 INFO  LogUtils:14 - Step 2:Click on "Forgot Password page" link
2025-06-27 17:00:43 INFO  LogUtils:14 - Step 3:Enter the email address of the created account in Pre-condition
2025-06-27 17:00:43 INFO  LogUtils:14 - Step 4:Click on "Send Instructions" button
2025-06-27 17:00:43 INFO  LogUtils:14 - Email: bRCel9UhybXr@mailslurp.biz
2025-06-27 17:00:44 INFO  LogUtils:14 - Step 6:Enter different values for password fields
2025-06-27 17:00:44 INFO  LogUtils:14 - Step 7:Click "Reset Password" button
2025-06-27 17:00:44 INFO  LogUtils:14 - New password: 12345678	Confirm password: 12345678
2025-06-27 17:00:45 INFO  LogUtils:14 - errorsDisplayWhenPasswordAndConfirmDoNotMatchOnReset test is passed.
2025-06-27 17:00:45 INFO  LogUtils:14 - Errors display if password and confirm password don't match when resetting password
2025-06-27 17:00:45 WARN  LogUtils:21 - Errors display if password and confirm password don't match when resetting password
2025-06-27 17:00:45 INFO  LogUtils:14 - Errors display if password and confirm password don't match when resetting password
2025-06-27 17:00:45 INFO  LogUtils:14 - Open mailbox and click on reset password link
2025-06-27 17:00:45 INFO  LogUtils:14 -  Step 5:Open mailbox and click on reset password link
2025-06-27 17:00:50 INFO  LogUtils:14 - Step 6:Enter new passwords and remove the Password Reset Token
2025-06-27 17:00:50 INFO  LogUtils:14 - Step 7:Click "Reset Password" button
2025-06-27 17:00:50 INFO  LogUtils:14 - New password: 12345678	Confirm password: 12345678
2025-06-27 17:00:51 ERROR LogUtils:27 - Test FAILED: errorsDisplayWhenPasswordResetTokenIsBlankUsingAPI
2025-06-27 17:00:51 ERROR LogUtils:27 - Check error message displays above the form. expected [true] but found [false]
2025-06-27 17:00:51 ERROR LogUtils:27 - errorsDisplayWhenPasswordResetTokenIsBlankUsingAPI test is failed.
2025-06-27 17:00:52 ERROR LogUtils:27 - java.lang.AssertionError: Check error message displays above the form. expected [true] but found [false]
2025-06-27 17:00:52 INFO  LogUtils:14 - java.lang.AssertionError: Check error message displays above the form. expected [true] but found [false]
2025-06-27 17:00:52 WARN  LogUtils:21 - java.lang.AssertionError: Check error message displays above the form. expected [true] but found [false]
2025-06-27 17:00:52 INFO  LogUtils:14 - java.lang.AssertionError: Check error message displays above the form. expected [true] but found [false]
2025-06-27 17:00:52 ERROR LogUtils:27 - errorsDisplayWhenPasswordResetTokenIsBlankUsingAPI is failed.
2025-06-27 17:00:52 INFO  LogUtils:14 - errorsDisplayWhenPasswordResetTokenIsBlankUsingAPI is failed.
2025-06-27 17:00:52 WARN  LogUtils:21 - errorsDisplayWhenPasswordResetTokenIsBlankUsingAPI is failed.
2025-06-27 17:00:52 INFO  LogUtils:14 - errorsDisplayWhenPasswordResetTokenIsBlankUsingAPI is failed.
2025-06-27 17:00:55 INFO  LogUtils:14 - errorsDisplayWhenPasswordResetTokenIsBlankUsingUI test is starting...
2025-06-27 17:00:55 INFO  LogUtils:14 - TC12: Errors display when password reset token is blank (Using UI)
2025-06-27 17:00:55 INFO  LogUtils:14 - Step 1:Navigate to QA Railway Website
2025-06-27 17:00:56 INFO  LogUtils:14 - Step 2:Click on "Forgot Password page" link+
2025-06-27 17:00:56 INFO  LogUtils:14 - Step 3:Enter the email address of the created account in Pre-condition
2025-06-27 17:00:56 INFO  LogUtils:14 - Step 4:Click on "Send Instructions" button
2025-06-27 17:00:56 INFO  LogUtils:14 - Email: test123456@sharklasers.com
2025-06-27 17:00:59 INFO  LogUtils:14 - Step 5:Open mailbox and click on reset password link
2025-06-27 17:01:08 INFO  LogUtils:14 - Step 6:Enter new passwords and remove the Password Reset Token
2025-06-27 17:01:08 INFO  LogUtils:14 - Step 7:Click "Reset Password" button
2025-06-27 17:01:08 INFO  LogUtils:14 - New password: 12345678	Confirm password: 12345678
2025-06-27 17:01:09 ERROR LogUtils:27 - Test FAILED: errorsDisplayWhenPasswordResetTokenIsBlankUsingUI
2025-06-27 17:01:09 ERROR LogUtils:27 - Check error message displays above the form. expected [true] but found [false]
2025-06-27 17:01:09 ERROR LogUtils:27 - errorsDisplayWhenPasswordResetTokenIsBlankUsingUI test is failed.
2025-06-27 17:01:09 ERROR LogUtils:27 - java.lang.AssertionError: Check error message displays above the form. expected [true] but found [false]
2025-06-27 17:01:09 INFO  LogUtils:14 - java.lang.AssertionError: Check error message displays above the form. expected [true] but found [false]
2025-06-27 17:01:09 WARN  LogUtils:21 - java.lang.AssertionError: Check error message displays above the form. expected [true] but found [false]
2025-06-27 17:01:09 INFO  LogUtils:14 - java.lang.AssertionError: Check error message displays above the form. expected [true] but found [false]
2025-06-27 17:01:09 ERROR LogUtils:27 - errorsDisplayWhenPasswordResetTokenIsBlankUsingUI is failed.
2025-06-27 17:01:09 INFO  LogUtils:14 - errorsDisplayWhenPasswordResetTokenIsBlankUsingUI is failed.
2025-06-27 17:01:09 WARN  LogUtils:21 - errorsDisplayWhenPasswordResetTokenIsBlankUsingUI is failed.
2025-06-27 17:01:09 INFO  LogUtils:14 - errorsDisplayWhenPasswordResetTokenIsBlankUsingUI is failed.
2025-06-27 17:01:09 INFO  LogUtils:14 - End testing ToolsQA
2025-06-27 17:02:34 INFO  LogUtils:14 - Start testing Railway
2025-06-27 17:02:36 INFO  LogUtils:14 - userCanCancelTicket test is starting...
2025-06-27 17:02:37 INFO  LogUtils:14 - TC16: User can cancel a ticket
2025-06-27 17:02:37 INFO  LogUtils:14 - Step 1:Navigate to QA Railway Website
2025-06-27 17:02:37 INFO  LogUtils:14 - Step 2:Login with a valid account
2025-06-27 17:02:37 INFO  LogUtils:14 - Email: saveasd68@gmail.com and Password: 12345678
2025-06-27 17:02:39 INFO  LogUtils:14 - Step 3:Book a ticket
2025-06-27 17:02:39 INFO  LogUtils:14 - Ticket info: Depart Date: 7/13/2025	 Depart station: Đà Nẵng	Arrive station: Nha Trang	Seat type: Soft bed with air conditioner	Amount: 2
2025-06-27 17:02:44 INFO  LogUtils:14 - Step 4:Click on "My ticket" tab
2025-06-27 17:02:45 INFO  LogUtils:14 - Step 5:Click on "Cancel" button of ticket which user want to cancel.
2025-06-27 17:02:45 INFO  LogUtils:14 - Ticker info: Depart Date: 7/13/2025	 Depart station: Đà Nẵng	Arrive station: Nha Trang	Seat type: Soft bed with air conditioner	Amount: 2
2025-06-27 17:02:45 INFO  LogUtils:14 - Step 6:Click on "OK" button on Confirmation message "Are you sure?"
2025-06-27 17:02:46 INFO  LogUtils:14 - userCanCancelTicket test is passed.
2025-06-27 17:02:46 INFO  LogUtils:14 - User can cancel a ticket
2025-06-27 17:02:46 WARN  LogUtils:21 - User can cancel a ticket
2025-06-27 17:02:46 INFO  LogUtils:14 - User can cancel a ticket
2025-06-27 17:02:46 INFO  LogUtils:14 - End testing Railway
2025-06-27 17:03:10 INFO  LogUtils:14 - Start testing ToolsQA
2025-06-27 17:03:15 INFO  LogUtils:14 - loginPageDisplaysWhenUnloggedUserClicksOnBookTicketTab test is starting...
2025-06-27 17:03:16 INFO  LogUtils:14 - TC4: Login page displays when un-logged User clicks on Book ticket tab
2025-06-27 17:03:16 INFO  LogUtils:14 - Step 1:Navigate to QA Railway Website
2025-06-27 17:03:16 INFO  LogUtils:14 - Step 2:Click on "Book ticket" tab
2025-06-27 17:03:16 INFO  LogUtils:14 - userCanNotLogIntoRailwayWithInvalidPassword test is starting...
2025-06-27 17:03:16 INFO  LogUtils:14 - TC3: User cannot log into Railway with invalid password
2025-06-27 17:03:16 INFO  LogUtils:14 - Step 1:Navigate to QA Railway Website
2025-06-27 17:03:16 INFO  LogUtils:14 - Step 2:Click on "Login" tab
2025-06-27 17:03:16 INFO  LogUtils:14 - userCanNotLoginWithBlankUsernameTextbox test is starting...
2025-06-27 17:03:16 INFO  LogUtils:14 - TC2: User can't login with blank Username textbox
2025-06-27 17:03:16 INFO  LogUtils:14 - Step 1:Navigate to QA Railway Website
2025-06-27 17:03:16 INFO  LogUtils:14 - Step 2:Click on "Login" tab
2025-06-27 17:03:16 INFO  LogUtils:14 - userCanLogIntoRailwayWithValidUsernameAndPassword test is starting...
2025-06-27 17:03:16 INFO  LogUtils:14 - TC1: User can log into Railway with valid username and password
2025-06-27 17:03:16 INFO  LogUtils:14 - Step 1:Navigate to QA Railway Website
2025-06-27 17:03:16 INFO  LogUtils:14 -  Step 2:Click on Login tab
2025-06-27 17:03:17 INFO  LogUtils:14 - Step 3:Enter valid Email and invalid Password
2025-06-27 17:03:17 INFO  LogUtils:14 - Step 4:Click on "Login" button
2025-06-27 17:03:17 INFO  LogUtils:14 - Email: saveasd68@gmail.com and Password: 
2025-06-27 17:03:17 INFO  LogUtils:14 - Step 3:User doesn't type any words into "Username" textbox but enter valid information into "Password" textbox
2025-06-27 17:03:17 INFO  LogUtils:14 - Step 4:Click on "Login" button
2025-06-27 17:03:17 INFO  LogUtils:14 - Email:  and Password: 12345678
2025-06-27 17:03:17 INFO  LogUtils:14 -  Enter valid Email and Password and  Click on "Login" button
2025-06-27 17:03:17 INFO  LogUtils:14 -  Step 3:Enter valid Email and Password
2025-06-27 17:03:17 INFO  LogUtils:14 -  Step 4:Click on "Login" button
2025-06-27 17:03:17 INFO  LogUtils:14 - Email: saveasd68@gmail.com and Password: 12345678
2025-06-27 17:03:17 INFO  LogUtils:14 - systemShowsMessageWhenUserEntersWrongPasswordSeveralTimes test is starting...
2025-06-27 17:03:17 INFO  LogUtils:14 - additionalPagesDisplayOnceUserLoggedIn test is starting...
2025-06-27 17:03:17 INFO  LogUtils:14 - TC5: System shows message when user enters wrong password several times
2025-06-27 17:03:17 INFO  LogUtils:14 - Step 1:Navigate to QA Railway Website
2025-06-27 17:03:17 INFO  LogUtils:14 - Step 2:Click on "Login" tab
2025-06-27 17:03:17 INFO  LogUtils:14 - Step 1:Navigate to QA Railway Website
2025-06-27 17:03:17 INFO  LogUtils:14 - Step 2:Click on "Login" tab
2025-06-27 17:03:18 INFO  LogUtils:14 - userCanNotLogIntoRailwayWithInvalidPassword test is passed.
2025-06-27 17:03:18 INFO  LogUtils:14 - User cannot log into Railway with invalid password
2025-06-27 17:03:18 WARN  LogUtils:21 - User cannot log into Railway with invalid password
2025-06-27 17:03:18 INFO  LogUtils:14 - User cannot log into Railway with invalid password
2025-06-27 17:03:18 INFO  LogUtils:14 - loginPageDisplaysWhenUnloggedUserClicksOnBookTicketTab test is passed.
2025-06-27 17:03:18 INFO  LogUtils:14 - Login page displays when un-logged User clicks on Book ticket tab
2025-06-27 17:03:18 WARN  LogUtils:21 - Login page displays when un-logged User clicks on Book ticket tab
2025-06-27 17:03:18 INFO  LogUtils:14 - Login page displays when un-logged User clicks on Book ticket tab
2025-06-27 17:03:18 INFO  LogUtils:14 - Step 3:Login with valid account
2025-06-27 17:03:18 INFO  LogUtils:14 - Email: saveasd68@gmail.com and Password: 12345678
2025-06-27 17:03:18 INFO  LogUtils:14 - Step 3:Enter valid information into "Username" textbox except "Password" textbox.
2025-06-27 17:03:18 INFO  LogUtils:14 - Step 4:Click on "Login" button
2025-06-27 17:03:18 INFO  LogUtils:14 - Step 5:Repeat step 3 three more times.
2025-06-27 17:03:18 INFO  LogUtils:14 - Email: saveasd68@gmail.com and Password: 
2025-06-27 17:03:18 INFO  LogUtils:14 - Email: saveasd68@gmail.com and Password: 
2025-06-27 17:03:19 INFO  LogUtils:14 - userCanNotLoginWithBlankUsernameTextbox test is passed.
2025-06-27 17:03:19 INFO  LogUtils:14 - User can't login with blank Username textbox
2025-06-27 17:03:19 WARN  LogUtils:21 - User can't login with blank Username textbox
2025-06-27 17:03:19 INFO  LogUtils:14 - User can't login with blank Username textbox
2025-06-27 17:03:20 ERROR LogUtils:27 - Test FAILED: userCanLogIntoRailwayWithValidUsernameAndPassword
2025-06-27 17:03:20 ERROR LogUtils:27 - Check welcome text in home page expected [Welcome saveasd68@gmail.com] but found []
2025-06-27 17:03:20 ERROR LogUtils:27 - userCanLogIntoRailwayWithValidUsernameAndPassword test is failed.
2025-06-27 17:03:20 ERROR LogUtils:27 - java.lang.AssertionError: Check welcome text in home page expected [Welcome saveasd68@gmail.com] but found []
2025-06-27 17:03:20 INFO  LogUtils:14 - java.lang.AssertionError: Check welcome text in home page expected [Welcome saveasd68@gmail.com] but found []
2025-06-27 17:03:20 WARN  LogUtils:21 - java.lang.AssertionError: Check welcome text in home page expected [Welcome saveasd68@gmail.com] but found []
2025-06-27 17:03:20 INFO  LogUtils:14 - java.lang.AssertionError: Check welcome text in home page expected [Welcome saveasd68@gmail.com] but found []
2025-06-27 17:03:20 ERROR LogUtils:27 - userCanLogIntoRailwayWithValidUsernameAndPassword is failed.
2025-06-27 17:03:20 INFO  LogUtils:14 - userCanLogIntoRailwayWithValidUsernameAndPassword is failed.
2025-06-27 17:03:20 WARN  LogUtils:21 - userCanLogIntoRailwayWithValidUsernameAndPassword is failed.
2025-06-27 17:03:20 INFO  LogUtils:14 - userCanLogIntoRailwayWithValidUsernameAndPassword is failed.
2025-06-27 17:03:21 INFO  LogUtils:14 - Email: saveasd68@gmail.com and Password: 
2025-06-27 17:03:22 INFO  LogUtils:14 - userCanCreateNewAccount test is starting...
2025-06-27 17:03:22 INFO  LogUtils:14 - TC7: User can create new account
2025-06-27 17:03:22 INFO  LogUtils:14 - Step 1:Navigate to QA Railway Website
2025-06-27 17:03:22 INFO  LogUtils:14 - Step 2:Click on "Register" tab
2025-06-27 17:03:22 INFO  LogUtils:14 - userCanNotLoginWithAccountHasNotBeenActivated test is starting...
2025-06-27 17:03:22 INFO  LogUtils:14 - TC8: User can't login with an account hasn't been activated
2025-06-27 17:03:22 INFO  LogUtils:14 - Step 1:Navigate to QA Railway Website
2025-06-27 17:03:22 INFO  LogUtils:14 - Step 2:Click on "Login" tab
2025-06-27 17:03:23 INFO  LogUtils:14 - Email: saveasd68@gmail.com and Password: 
2025-06-27 17:03:23 INFO  LogUtils:14 - additionalPagesDisplayOnceUserLoggedIn test is passed.
2025-06-27 17:03:23 INFO  LogUtils:14 - Additional pages display once user logged in
2025-06-27 17:03:23 WARN  LogUtils:21 - Additional pages display once user logged in
2025-06-27 17:03:23 INFO  LogUtils:14 - Additional pages display once user logged in
2025-06-27 17:03:23 INFO  LogUtils:14 - userCanChangePassword test is starting...
2025-06-27 17:03:23 INFO  LogUtils:14 - TC9: User can change password
2025-06-27 17:03:23 INFO  LogUtils:14 - Step 1:Navigate to QA Railway Website
2025-06-27 17:03:23 INFO  LogUtils:14 - Step 2:Click on "Login" tab
2025-06-27 17:03:24 INFO  LogUtils:14 - Step 3:Enter valid information into all fields
2025-06-27 17:03:24 INFO  LogUtils:14 - Step 4:Click on "Register" button
2025-06-27 17:03:24 INFO  LogUtils:14 - Register info: Email: abcc123457817_03_24@sharklasers.com	Password: 12345678	Confirm password: 12345678	PID number: 123456789
2025-06-27 17:03:25 INFO  LogUtils:14 - Email: saveasd68@gmail.com and Password: 
2025-06-27 17:03:25 INFO  LogUtils:14 - Step 3:Enter username and password of account hasn't been activated.
2025-06-27 17:03:25 INFO  LogUtils:14 - Step 4:Click on "Login" button
2025-06-27 17:03:25 INFO  LogUtils:14 - Email: abcc12345@sharklasers.com and Password: 12345678
2025-06-27 17:03:26 INFO  LogUtils:14 - userCanNotCreateAccountWhenConfirmPasswordIsNotTheSameAsPassword test is starting...
2025-06-27 17:03:26 INFO  LogUtils:14 - TC10: User can't create account with Confirm password is not the same with Password
2025-06-27 17:03:26 INFO  LogUtils:14 - Step 1:Navigate to QA Railway Website
2025-06-27 17:03:26 INFO  LogUtils:14 - Step 2:Click on "Register" tab
2025-06-27 17:03:27 ERROR LogUtils:27 - Test FAILED: userCanCreateNewAccount
2025-06-27 17:03:27 ERROR LogUtils:27 - Check success message expected [Thank you for registering your account] but found [Please fill the form below to create a new account or login if you already have one.
If you already created an account but haven't confirmed it yet, go here and enter the confirmation code which can be found in your email.
Please make sure your PID/Passport Number is correct. It can't be changed.]
2025-06-27 17:03:27 ERROR LogUtils:27 - userCanCreateNewAccount test is failed.
2025-06-27 17:03:27 INFO  LogUtils:14 - userCanNotLoginWithAccountHasNotBeenActivated test is passed.
2025-06-27 17:03:27 INFO  LogUtils:14 - User can't login with an account hasn't been activated
2025-06-27 17:03:27 WARN  LogUtils:21 - User can't login with an account hasn't been activated
2025-06-27 17:03:27 INFO  LogUtils:14 - User can't login with an account hasn't been activated
2025-06-27 17:03:27 ERROR LogUtils:27 - java.lang.AssertionError: Check success message expected [Thank you for registering your account] but found [Please fill the form below to create a new account or login if you already have one.
If you already created an account but haven't confirmed it yet, go here and enter the confirmation code which can be found in your email.
Please make sure your PID/Passport Number is correct. It can't be changed.]
2025-06-27 17:03:27 INFO  LogUtils:14 - java.lang.AssertionError: Check success message expected [Thank you for registering your account] but found [Please fill the form below to create a new account or login if you already have one.
If you already created an account but haven't confirmed it yet, go here and enter the confirmation code which can be found in your email.
Please make sure your PID/Passport Number is correct. It can't be changed.]
2025-06-27 17:03:27 WARN  LogUtils:21 - java.lang.AssertionError: Check success message expected [Thank you for registering your account] but found [Please fill the form below to create a new account or login if you already have one.
If you already created an account but haven't confirmed it yet, go here and enter the confirmation code which can be found in your email.
Please make sure your PID/Passport Number is correct. It can't be changed.]
2025-06-27 17:03:27 INFO  LogUtils:14 - java.lang.AssertionError: Check success message expected [Thank you for registering your account] but found [Please fill the form below to create a new account or login if you already have one.
If you already created an account but haven't confirmed it yet, go here and enter the confirmation code which can be found in your email.
Please make sure your PID/Passport Number is correct. It can't be changed.]
2025-06-27 17:03:27 ERROR LogUtils:27 - userCanCreateNewAccount is failed.
2025-06-27 17:03:27 INFO  LogUtils:14 - userCanCreateNewAccount is failed.
2025-06-27 17:03:27 WARN  LogUtils:21 - userCanCreateNewAccount is failed.
2025-06-27 17:03:27 INFO  LogUtils:14 - userCanCreateNewAccount is failed.
2025-06-27 17:03:27 INFO  LogUtils:14 - Email: saveasd68@gmail.com and Password: 12345678
2025-06-27 17:03:27 ERROR LogUtils:27 - Test FAILED: systemShowsMessageWhenUserEntersWrongPasswordSeveralTimes
2025-06-27 17:03:27 ERROR LogUtils:27 - Check error message expected [You have used 4 out of 5 login attempts. After all 5 have been used, you will be unable to login for 15 minutes.] but found [There was a problem with your login and/or errors exist in your form.]
2025-06-27 17:03:27 ERROR LogUtils:27 - systemShowsMessageWhenUserEntersWrongPasswordSeveralTimes test is failed.
2025-06-27 17:03:27 ERROR LogUtils:27 - java.lang.AssertionError: Check error message expected [You have used 4 out of 5 login attempts. After all 5 have been used, you will be unable to login for 15 minutes.] but found [There was a problem with your login and/or errors exist in your form.]
2025-06-27 17:03:27 INFO  LogUtils:14 - java.lang.AssertionError: Check error message expected [You have used 4 out of 5 login attempts. After all 5 have been used, you will be unable to login for 15 minutes.] but found [There was a problem with your login and/or errors exist in your form.]
2025-06-27 17:03:27 WARN  LogUtils:21 - java.lang.AssertionError: Check error message expected [You have used 4 out of 5 login attempts. After all 5 have been used, you will be unable to login for 15 minutes.] but found [There was a problem with your login and/or errors exist in your form.]
2025-06-27 17:03:27 INFO  LogUtils:14 - java.lang.AssertionError: Check error message expected [You have used 4 out of 5 login attempts. After all 5 have been used, you will be unable to login for 15 minutes.] but found [There was a problem with your login and/or errors exist in your form.]
2025-06-27 17:03:27 ERROR LogUtils:27 - systemShowsMessageWhenUserEntersWrongPasswordSeveralTimes is failed.
2025-06-27 17:03:27 INFO  LogUtils:14 - systemShowsMessageWhenUserEntersWrongPasswordSeveralTimes is failed.
2025-06-27 17:03:27 WARN  LogUtils:21 - systemShowsMessageWhenUserEntersWrongPasswordSeveralTimes is failed.
2025-06-27 17:03:27 INFO  LogUtils:14 - systemShowsMessageWhenUserEntersWrongPasswordSeveralTimes is failed.
2025-06-27 17:03:28 INFO  LogUtils:14 - userCanNotCreateAccountWhenPasswordAndPidFieldsAreEmpty test is starting...
2025-06-27 17:03:28 INFO  LogUtils:14 - TC11: User can't create account while password and PID fields are empty
2025-06-27 17:03:28 INFO  LogUtils:14 - Step 1:Navigate to QA Railway Website
2025-06-27 17:03:28 INFO  LogUtils:14 - Step 2:Click on "Register" tab
2025-06-27 17:03:30 INFO  LogUtils:14 - Step 3:Enter valid information into all fields except "Confirm password" is not the same with "Password"
2025-06-27 17:03:30 INFO  LogUtils:14 - Step 4:Click on "Register" button
2025-06-27 17:03:30 INFO  LogUtils:14 - Register info: Email: abcc123457817_03_24@sharklasers.com	Password: 12345678	Confirm password: 	PID number: 123456789
2025-06-27 17:03:30 INFO  LogUtils:14 - Step 3:Click on "Change Password" tab
2025-06-27 17:03:31 INFO  LogUtils:14 - 4.Enter valid value into all fields.
2025-06-27 17:03:31 INFO  LogUtils:14 - Step 5:Click on "Change Password" button
2025-06-27 17:03:31 INFO  LogUtils:14 - Current password: 12345678	 New password: 12345678	Confirm new password: 12345678
2025-06-27 17:03:31 INFO  LogUtils:14 - Step 3:Enter valid email address and leave other fields empty
2025-06-27 17:03:31 INFO  LogUtils:14 - Step 4:Click on "Register" button
2025-06-27 17:03:31 INFO  LogUtils:14 - Register info: Email: abcc123457817_03_24@sharklasers.com	Password: 	Confirm password: 	PID number: 
2025-06-27 17:03:31 INFO  LogUtils:14 - userCanNotCreateAccountWhenConfirmPasswordIsNotTheSameAsPassword test is passed.
2025-06-27 17:03:31 INFO  LogUtils:14 - User can't create account with Confirm password is not the same with Password
2025-06-27 17:03:31 WARN  LogUtils:21 - User can't create account with Confirm password is not the same with Password
2025-06-27 17:03:31 INFO  LogUtils:14 - User can't create account with Confirm password is not the same with Password
2025-06-27 17:03:32 INFO  LogUtils:14 - errorsDisplayWhenPasswordAndConfirmDoNotMatchOnReset test is starting...
2025-06-27 17:03:32 INFO  LogUtils:14 - TC13: Errors display if password and confirm password don't match when resetting password
2025-06-27 17:03:32 INFO  LogUtils:14 - Step 1:Navigate to QA Railway Login page
2025-06-27 17:03:32 INFO  LogUtils:14 - errorsDisplayWhenPasswordResetTokenIsBlankUsingAPI test is starting...
2025-06-27 17:03:32 INFO  LogUtils:14 - TC12: Errors display when password reset token is blank (using API)
2025-06-27 17:03:32 INFO  LogUtils:14 - Pre-condition: Create and activate a new account
2025-06-27 17:03:33 INFO  LogUtils:14 - Step 2:Click on "Forgot Password page" link
2025-06-27 17:03:33 ERROR LogUtils:27 - Test FAILED: userCanChangePassword
2025-06-27 17:03:33 ERROR LogUtils:27 - Check change password success message expected [Your password has been updated] but found [Your password has been updated!]
2025-06-27 17:03:33 ERROR LogUtils:27 - userCanChangePassword test is failed.
2025-06-27 17:03:33 INFO  LogUtils:14 - userCanBookOneTicketAtATime test is starting...
2025-06-27 17:03:33 INFO  LogUtils:14 - TC14: User can book 1 ticket at a time
2025-06-27 17:03:33 INFO  LogUtils:14 - Step 1:Navigate to QA Railway Website
2025-06-27 17:03:33 INFO  LogUtils:14 - Step 2:Click on "Login" tab
2025-06-27 17:03:33 ERROR LogUtils:27 - java.lang.AssertionError: Check change password success message expected [Your password has been updated] but found [Your password has been updated!]
2025-06-27 17:03:33 INFO  LogUtils:14 - java.lang.AssertionError: Check change password success message expected [Your password has been updated] but found [Your password has been updated!]
2025-06-27 17:03:33 WARN  LogUtils:21 - java.lang.AssertionError: Check change password success message expected [Your password has been updated] but found [Your password has been updated!]
2025-06-27 17:03:33 INFO  LogUtils:14 - java.lang.AssertionError: Check change password success message expected [Your password has been updated] but found [Your password has been updated!]
2025-06-27 17:03:33 ERROR LogUtils:27 - userCanChangePassword is failed.
2025-06-27 17:03:33 INFO  LogUtils:14 - userCanChangePassword is failed.
2025-06-27 17:03:33 WARN  LogUtils:21 - userCanChangePassword is failed.
2025-06-27 17:03:33 INFO  LogUtils:14 - userCanChangePassword is failed.
2025-06-27 17:03:33 ERROR LogUtils:27 - Test FAILED: userCanNotCreateAccountWhenPasswordAndPidFieldsAreEmpty
2025-06-27 17:03:33 ERROR LogUtils:27 - Check password error message expected [Invalid password length.] but found [Invalid password length]
2025-06-27 17:03:33 ERROR LogUtils:27 - userCanNotCreateAccountWhenPasswordAndPidFieldsAreEmpty test is failed.
2025-06-27 17:03:34 ERROR LogUtils:27 - java.lang.AssertionError: Check password error message expected [Invalid password length.] but found [Invalid password length]
2025-06-27 17:03:34 INFO  LogUtils:14 - java.lang.AssertionError: Check password error message expected [Invalid password length.] but found [Invalid password length]
2025-06-27 17:03:34 WARN  LogUtils:21 - java.lang.AssertionError: Check password error message expected [Invalid password length.] but found [Invalid password length]
2025-06-27 17:03:34 INFO  LogUtils:14 - java.lang.AssertionError: Check password error message expected [Invalid password length.] but found [Invalid password length]
2025-06-27 17:03:34 ERROR LogUtils:27 - userCanNotCreateAccountWhenPasswordAndPidFieldsAreEmpty is failed.
2025-06-27 17:03:34 INFO  LogUtils:14 - userCanNotCreateAccountWhenPasswordAndPidFieldsAreEmpty is failed.
2025-06-27 17:03:34 WARN  LogUtils:21 - userCanNotCreateAccountWhenPasswordAndPidFieldsAreEmpty is failed.
2025-06-27 17:03:34 INFO  LogUtils:14 - userCanNotCreateAccountWhenPasswordAndPidFieldsAreEmpty is failed.
2025-06-27 17:03:34 INFO  LogUtils:14 - Step 3:Enter the email address of the created account in Pre-condition
2025-06-27 17:03:34 INFO  LogUtils:14 - Step 4:Click on "Send Instructions" button
2025-06-27 17:03:34 INFO  LogUtils:14 - Email: test123456@sharklasers.com
2025-06-27 17:03:34 INFO  LogUtils:14 - Email: saveasd68@gmail.com and Password: 12345678
2025-06-27 17:03:36 INFO  LogUtils:14 - Step 5:Open mailbox and click on reset password link
2025-06-27 17:03:36 INFO  LogUtils:14 - userCanOpenBookTicketPageFromTrainTimetablePage test is starting...
2025-06-27 17:03:36 INFO  LogUtils:14 - TC15: User can open Book ticket page by clicking on Book ticket link in Train timetable page
2025-06-27 17:03:36 INFO  LogUtils:14 - Step 1:Navigate to QA Railway Website
2025-06-27 17:03:36 INFO  LogUtils:14 - Step 2:Login with a valid account
2025-06-27 17:03:36 INFO  LogUtils:14 - 2.Step 1:get same ticket count in my ticket page
2025-06-27 17:03:36 INFO  LogUtils:14 - Register info: Email: HbFmyUB3Y7Zi@mailslurp.biz	Password: 12345678	Confirm password: 12345678	PID number: 123456789
2025-06-27 17:03:37 INFO  LogUtils:14 - Email: saveasd68@gmail.com and Password: 12345678
2025-06-27 17:03:37 INFO  LogUtils:14 - Step 3:Click on "Book ticket" tab
2025-06-27 17:03:38 INFO  LogUtils:14 - Step 4:Select a "Depart date" from the list
2025-06-27 17:03:38 INFO  LogUtils:14 - Step 5:Select "Sài Gòn" for "Depart from" and "Nha Trang" for "Arrive at".
2025-06-27 17:03:38 INFO  LogUtils:14 - Step 6:Select "Soft bed with air conditioner" for "Seat type"
2025-06-27 17:03:38 INFO  LogUtils:14 - Step 7:Select "1" for "Ticket amount"
2025-06-27 17:03:38 INFO  LogUtils:14 - Step 8:Click on "Book ticket" button
2025-06-27 17:03:38 INFO  LogUtils:14 - Ticket info: Depart Date: 7/12/2025	 Depart station: Đà Nẵng	Arrive station: Quảng Ngãi	Seat type: Soft seat	Amount: 2
2025-06-27 17:03:38 INFO  LogUtils:14 - userCanCancelTicket test is starting...
2025-06-27 17:03:38 INFO  LogUtils:14 - TC16: User can cancel a ticket
2025-06-27 17:03:38 INFO  LogUtils:14 - Step 1:Navigate to QA Railway Website
2025-06-27 17:03:38 INFO  LogUtils:14 - Step 2:Login with a valid account
2025-06-27 17:03:38 INFO  LogUtils:14 - Step 3:Click on "Timetable" tab
2025-06-27 17:03:39 INFO  LogUtils:14 -  Step 4:Click on "book ticket" link of the route from "Huế" to "Sài Gòn"
2025-06-27 17:03:39 INFO  LogUtils:14 - Depart station: Huế	Arrive station: Sài Gòn
2025-06-27 17:03:39 INFO  LogUtils:14 - Email: saveasd68@gmail.com and Password: 12345678
2025-06-27 17:03:40 INFO  LogUtils:14 - userCanOpenBookTicketPageFromTrainTimetablePage test is passed.
2025-06-27 17:03:40 INFO  LogUtils:14 - User can open Book ticket page by clicking on Book ticket link in Train timetable page
2025-06-27 17:03:40 WARN  LogUtils:21 - User can open Book ticket page by clicking on Book ticket link in Train timetable page
2025-06-27 17:03:40 INFO  LogUtils:14 - User can open Book ticket page by clicking on Book ticket link in Train timetable page
2025-06-27 17:03:42 INFO  LogUtils:14 - Step 3:Book a ticket
2025-06-27 17:03:42 INFO  LogUtils:14 - Ticket info: Depart Date: 7/3/2025	 Depart station: Nha Trang	Arrive station: Đà Nẵng	Seat type: Hard bed	Amount: 1
2025-06-27 17:03:43 INFO  LogUtils:14 -  Check ticket in my ticket page
2025-06-27 17:03:44 INFO  LogUtils:14 - userCanBookOneTicketAtATime test is passed.
2025-06-27 17:03:44 INFO  LogUtils:14 - User can book 1 ticket at a time
2025-06-27 17:03:44 WARN  LogUtils:21 - User can book 1 ticket at a time
2025-06-27 17:03:44 INFO  LogUtils:14 - User can book 1 ticket at a time
2025-06-27 17:03:48 INFO  LogUtils:14 - Step 1:Navigate to QA Railway Login page
2025-06-27 17:03:48 INFO  LogUtils:14 - Step 4:Click on "My ticket" tab
2025-06-27 17:03:48 INFO  LogUtils:14 - Step 2:Click on "Forgot Password page" link
2025-06-27 17:03:49 INFO  LogUtils:14 - Step 5:Click on "Cancel" button of ticket which user want to cancel.
2025-06-27 17:03:49 INFO  LogUtils:14 - Ticker info: Depart Date: 7/3/2025	 Depart station: Nha Trang	Arrive station: Đà Nẵng	Seat type: Hard bed	Amount: 1
2025-06-27 17:03:49 INFO  LogUtils:14 - Step 6:Click on "OK" button on Confirmation message "Are you sure?"
2025-06-27 17:03:50 INFO  LogUtils:14 - Step 3:Enter the email address of the created account in Pre-condition
2025-06-27 17:03:50 INFO  LogUtils:14 - Step 4:Click on "Send Instructions" button
2025-06-27 17:03:50 INFO  LogUtils:14 - Email: HbFmyUB3Y7Zi@mailslurp.biz
2025-06-27 17:03:50 INFO  LogUtils:14 - userCanCancelTicket test is passed.
2025-06-27 17:03:50 INFO  LogUtils:14 - User can cancel a ticket
2025-06-27 17:03:50 WARN  LogUtils:21 - User can cancel a ticket
2025-06-27 17:03:50 INFO  LogUtils:14 - User can cancel a ticket
2025-06-27 17:03:50 INFO  LogUtils:14 - Step 6:Enter different values for password fields
2025-06-27 17:03:50 INFO  LogUtils:14 - Step 7:Click "Reset Password" button
2025-06-27 17:03:50 INFO  LogUtils:14 - New password: 12345678	Confirm password: 12345678
2025-06-27 17:03:51 INFO  LogUtils:14 - errorsDisplayWhenPasswordAndConfirmDoNotMatchOnReset test is passed.
2025-06-27 17:03:51 INFO  LogUtils:14 - Errors display if password and confirm password don't match when resetting password
2025-06-27 17:03:51 WARN  LogUtils:21 - Errors display if password and confirm password don't match when resetting password
2025-06-27 17:03:51 INFO  LogUtils:14 - Errors display if password and confirm password don't match when resetting password
2025-06-27 17:03:52 INFO  LogUtils:14 - Open mailbox and click on reset password link
2025-06-27 17:03:52 INFO  LogUtils:14 -  Step 5:Open mailbox and click on reset password link
2025-06-27 17:03:57 INFO  LogUtils:14 - Step 6:Enter new passwords and remove the Password Reset Token
2025-06-27 17:03:57 INFO  LogUtils:14 - Step 7:Click "Reset Password" button
2025-06-27 17:03:57 INFO  LogUtils:14 - New password: 12345678	Confirm password: 12345678
2025-06-27 17:03:58 ERROR LogUtils:27 - Test FAILED: errorsDisplayWhenPasswordResetTokenIsBlankUsingAPI
2025-06-27 17:03:58 ERROR LogUtils:27 - Check error message displays above the form. expected [true] but found [false]
2025-06-27 17:03:58 ERROR LogUtils:27 - errorsDisplayWhenPasswordResetTokenIsBlankUsingAPI test is failed.
2025-06-27 17:03:58 ERROR LogUtils:27 - java.lang.AssertionError: Check error message displays above the form. expected [true] but found [false]
2025-06-27 17:03:58 INFO  LogUtils:14 - java.lang.AssertionError: Check error message displays above the form. expected [true] but found [false]
2025-06-27 17:03:58 WARN  LogUtils:21 - java.lang.AssertionError: Check error message displays above the form. expected [true] but found [false]
2025-06-27 17:03:58 INFO  LogUtils:14 - java.lang.AssertionError: Check error message displays above the form. expected [true] but found [false]
2025-06-27 17:03:58 ERROR LogUtils:27 - errorsDisplayWhenPasswordResetTokenIsBlankUsingAPI is failed.
2025-06-27 17:03:58 INFO  LogUtils:14 - errorsDisplayWhenPasswordResetTokenIsBlankUsingAPI is failed.
2025-06-27 17:03:58 WARN  LogUtils:21 - errorsDisplayWhenPasswordResetTokenIsBlankUsingAPI is failed.
2025-06-27 17:03:58 INFO  LogUtils:14 - errorsDisplayWhenPasswordResetTokenIsBlankUsingAPI is failed.
2025-06-27 17:04:02 INFO  LogUtils:14 - errorsDisplayWhenPasswordResetTokenIsBlankUsingUI test is starting...
2025-06-27 17:04:02 INFO  LogUtils:14 - TC12: Errors display when password reset token is blank (Using UI)
2025-06-27 17:04:02 INFO  LogUtils:14 - Step 1:Navigate to QA Railway Website
2025-06-27 17:04:02 INFO  LogUtils:14 - Step 2:Click on "Forgot Password page" link+
2025-06-27 17:04:03 INFO  LogUtils:14 - Step 3:Enter the email address of the created account in Pre-condition
2025-06-27 17:04:03 INFO  LogUtils:14 - Step 4:Click on "Send Instructions" button
2025-06-27 17:04:03 INFO  LogUtils:14 - Email: test123456@sharklasers.com
2025-06-27 17:04:05 INFO  LogUtils:14 - Step 5:Open mailbox and click on reset password link
2025-06-27 17:04:16 INFO  LogUtils:14 - Step 6:Enter new passwords and remove the Password Reset Token
2025-06-27 17:04:16 INFO  LogUtils:14 - Step 7:Click "Reset Password" button
2025-06-27 17:04:16 INFO  LogUtils:14 - New password: 12345678	Confirm password: 12345678
2025-06-27 17:04:17 ERROR LogUtils:27 - Test FAILED: errorsDisplayWhenPasswordResetTokenIsBlankUsingUI
2025-06-27 17:04:17 ERROR LogUtils:27 - Check error message displays above the form. expected [true] but found [false]
2025-06-27 17:04:17 ERROR LogUtils:27 - errorsDisplayWhenPasswordResetTokenIsBlankUsingUI test is failed.
2025-06-27 17:04:17 ERROR LogUtils:27 - java.lang.AssertionError: Check error message displays above the form. expected [true] but found [false]
2025-06-27 17:04:17 INFO  LogUtils:14 - java.lang.AssertionError: Check error message displays above the form. expected [true] but found [false]
2025-06-27 17:04:17 WARN  LogUtils:21 - java.lang.AssertionError: Check error message displays above the form. expected [true] but found [false]
2025-06-27 17:04:17 INFO  LogUtils:14 - java.lang.AssertionError: Check error message displays above the form. expected [true] but found [false]
2025-06-27 17:04:17 ERROR LogUtils:27 - errorsDisplayWhenPasswordResetTokenIsBlankUsingUI is failed.
2025-06-27 17:04:17 INFO  LogUtils:14 - errorsDisplayWhenPasswordResetTokenIsBlankUsingUI is failed.
2025-06-27 17:04:17 WARN  LogUtils:21 - errorsDisplayWhenPasswordResetTokenIsBlankUsingUI is failed.
2025-06-27 17:04:17 INFO  LogUtils:14 - errorsDisplayWhenPasswordResetTokenIsBlankUsingUI is failed.
2025-06-27 17:04:18 INFO  LogUtils:14 - End testing ToolsQA
